e:\onedrive\onedrive - hogeschool west-vlaanderen\documenten\dae\portfolio\neuralnetworkframework\debug\neuralnetworkframework.pch
e:\onedrive\onedrive - hogeschool west-vlaanderen\documenten\dae\portfolio\neuralnetworkframework\debug\vc141.pdb
e:\onedrive\onedrive - hogeschool west-vlaanderen\documenten\dae\portfolio\neuralnetworkframework\debug\vc141.idb
e:\onedrive\onedrive - hogeschool west-vlaanderen\documenten\dae\portfolio\neuralnetworkframework\debug\pch.obj
e:\onedrive\onedrive - hogeschool west-vlaanderen\documenten\dae\portfolio\neuralnetworkframework\debug\onelonecoder_flappybird.obj
e:\onedrive\onedrive - hogeschool west-vlaanderen\documenten\dae\portfolio\neuralnetworkframework\debug\olcconsolegameengineoop.obj
e:\onedrive\onedrive - hogeschool west-vlaanderen\documenten\dae\portfolio\neuralnetworkframework\debug\olcconsolegameenginegloop.obj
e:\onedrive\onedrive - hogeschool west-vlaanderen\documenten\dae\portfolio\neuralnetworkframework\debug\neuralnetwork.obj
e:\onedrive\onedrive - hogeschool west-vlaanderen\documenten\dae\portfolio\neuralnetworkframework\debug\neuralnetworkframework.obj
e:\onedrive\onedrive - hogeschool west-vlaanderen\documenten\dae\portfolio\neuralnetworkframework\debug\matrix.obj
e:\onedrive\onedrive - hogeschool west-vlaanderen\documenten\dae\portfolio\neuralnetworkframework\debug\neuralnetworkframework.pdb
e:\onedrive\onedrive - hogeschool west-vlaanderen\documenten\dae\portfolio\neuralnetworkframework\debug\neuralne.1cdd0391.tlog\cl.command.1.tlog
e:\onedrive\onedrive - hogeschool west-vlaanderen\documenten\dae\portfolio\neuralnetworkframework\debug\neuralne.1cdd0391.tlog\cl.read.1.tlog
e:\onedrive\onedrive - hogeschool west-vlaanderen\documenten\dae\portfolio\neuralnetworkframework\debug\neuralne.1cdd0391.tlog\cl.write.1.tlog
e:\onedrive\onedrive - hogeschool west-vlaanderen\documenten\dae\portfolio\neuralnetworkframework\debug\neuralne.1cdd0391.tlog\link-cvtres.read.1.tlog
e:\onedrive\onedrive - hogeschool west-vlaanderen\documenten\dae\portfolio\neuralnetworkframework\debug\neuralne.1cdd0391.tlog\link-cvtres.write.1.tlog
e:\onedrive\onedrive - hogeschool west-vlaanderen\documenten\dae\portfolio\neuralnetworkframework\debug\neuralne.1cdd0391.tlog\link-rc.read.1.tlog
e:\onedrive\onedrive - hogeschool west-vlaanderen\documenten\dae\portfolio\neuralnetworkframework\debug\neuralne.1cdd0391.tlog\link-rc.write.1.tlog
e:\onedrive\onedrive - hogeschool west-vlaanderen\documenten\dae\portfolio\neuralnetworkframework\debug\neuralne.1cdd0391.tlog\link.command.1.tlog
e:\onedrive\onedrive - hogeschool west-vlaanderen\documenten\dae\portfolio\neuralnetworkframework\debug\neuralne.1cdd0391.tlog\link.read.1.tlog
e:\onedrive\onedrive - hogeschool west-vlaanderen\documenten\dae\portfolio\neuralnetworkframework\debug\neuralne.1cdd0391.tlog\link.write.1.tlog
